<?xml version="1.0" encoding="UTF-8"?>
<testsuites name="Testing cases" time="36.639" tests="4" failures="0" errors="0">
   <testsuite name="Testing cases" tests="4" failures="0" errors="0" time="36.639" skipped="0" timestamp="2023-10-09 08:45:18" hostname="leyssm1 - 5CG136D91W.iconos.be" id="Test Suites/Testing cases">
      <properties>
         <property name="deviceName" value=""/>
         <property name="devicePlatform" value=""/>
         <property name="logFolder" value="C:\\Users\\leyssm1\\git\\E-commerce\\Reports\\20231009_084512\\Testing cases\\20231009_084516"/>
         <property name="logFiles" value="C:\\Users\\leyssm1\\git\\E-commerce\\Reports\\20231009_084512\\Testing cases\\20231009_084516\\execution0.log"/>
         <property name="attachments" value=""/>
         <property name="hostName" value="leyssm1 - 5CG136D91W.iconos.be"/>
         <property name="os" value="Windows 11 64bit"/>
         <property name="katalonVersion" value="8.6.8.208"/>
         <property name="browser" value="Chrome 117.0.0.0"/>
         <property name="hostAddress" value="192.168.0.24"/>
         <property name="sessionId" value="4fce73427775f10b2517ecafdfd1cccd"/>
         <property name="seleniumVersion" value="3.141.59"/>
         <property name="proxyInformation" value="ProxyInformation { proxyOption=NO_PROXY, proxyServerType=HTTP, username=, password=********, proxyServerAddress=, proxyServerPort=0, executionList=&quot;&quot;, isApplyToDesiredCapabilities=true }"/>
         <property name="platform" value="Windows 11"/>
      </properties>
      <testcase name="Test Cases/1 Login Cases/1 Positive Login" time="10.347" classname="Test Cases/1 Login Cases/1 Positive Login" status="PASSED">
         <system-out><![CDATA[2023-10-09 08:45:18 - [TEST_CASE][PASSED] - Test Cases/1 Login Cases/1 Positive Login: Test Cases/1 Login Cases/1 Positive Login

2023-10-09 08:45:18 - [TEST_STEP][PASSED] - openBrowser("https://cms.demo.katalon.com/"): Browser is opened with url: 'https://cms.demo.katalon.com/'

2023-10-09 08:45:18 - [MESSAGE][INFO] - Starting 'Chrome' driver

2023-10-09 08:45:18 - [MESSAGE][INFO] - Action delay is set to 0 milliseconds

2023-10-09 08:45:23 - [MESSAGE][PASSED] - Browser is opened with url: 'https://cms.demo.katalon.com/'

2023-10-09 08:45:23 - [TEST_STEP][PASSED] - maximizeWindow(STOP_ON_FAILURE): Current window maximized

2023-10-09 08:45:23 - [MESSAGE][PASSED] - Current window maximized

2023-10-09 08:45:23 - [TEST_STEP][PASSED] - click(findTestObject("Object Repository/Page_Katalon Shop  Katalon Ecommerce/a_My account")): Object: 'Object Repository/Page_Katalon Shop  Katalon Ecommerce/a_My account' is clicked on

2023-10-09 08:45:25 - [MESSAGE][PASSED] - Object: 'Object Repository/Page_Katalon Shop  Katalon Ecommerce/a_My account' is clicked on

2023-10-09 08:45:25 - [TEST_STEP][PASSED] - setText(findTestObject("Object Repository/Page_My account  Katalon Shop/input__username"), userLogin): Text 'Customer' is set on object 'Object Repository/Page_My account  Katalon Shop/input__username'

2023-10-09 08:45:25 - [MESSAGE][PASSED] - Text 'Customer' is set on object 'Object Repository/Page_My account  Katalon Shop/input__username'

2023-10-09 08:45:25 - [TEST_STEP][PASSED] - setText(findTestObject("Object Repository/Page_My account  Katalon Shop/input__password"), UserPassword): Text 'crz7mrb.KNG3yxv1fbn' is set on object 'Object Repository/Page_My account  Katalon Shop/input__password'

2023-10-09 08:45:26 - [MESSAGE][PASSED] - Text 'crz7mrb.KNG3yxv1fbn' is set on object 'Object Repository/Page_My account  Katalon Shop/input__password'

2023-10-09 08:45:26 - [TEST_STEP][PASSED] - click(findTestObject("Object Repository/Page_My account  Katalon Shop/button_Log in")): Object: 'Object Repository/Page_My account  Katalon Shop/button_Log in' is clicked on

2023-10-09 08:45:27 - [MESSAGE][PASSED] - Object: 'Object Repository/Page_My account  Katalon Shop/button_Log in' is clicked on

2023-10-09 08:45:27 - [TEST_STEP][PASSED] - verifyElementPresent(findTestObject("Object Repository/Page_My account  Katalon Shop/p_Hello KatalonLover (not KatalonLover Log out)"), 0): Object 'Object Repository/Page_My account  Katalon Shop/p_Hello KatalonLover (not KatalonLover Log out)' is present

2023-10-09 08:45:28 - [MESSAGE][WARNING] - Timeout '0' is invalid. Using default page load timeout: '30'

2023-10-09 08:45:28 - [MESSAGE][PASSED] - Object 'Object Repository/Page_My account  Katalon Shop/p_Hello KatalonLover (not KatalonLover Log out)' is present

2023-10-09 08:45:28 - [TEST_STEP][PASSED] - verifyElementPresent(findTestObject("Object Repository/Page_My account  Katalon Shop/h1_My account"), 0): Object 'Object Repository/Page_My account  Katalon Shop/h1_My account' is present

2023-10-09 08:45:28 - [MESSAGE][WARNING] - Timeout '0' is invalid. Using default page load timeout: '30'

2023-10-09 08:45:28 - [MESSAGE][PASSED] - Object 'Object Repository/Page_My account  Katalon Shop/h1_My account' is present]]></system-out>
         <system-err><![CDATA[]]></system-err>
      </testcase>
      <testcase name="Test Cases/1 Login Cases/1.1 Bad login - only username" time="8.815" classname="Test Cases/1 Login Cases/1.1 Bad login - only username" status="PASSED">
         <system-out><![CDATA[2023-10-09 08:45:28 - [TEST_CASE][PASSED] - Test Cases/1 Login Cases/1.1 Bad login - only username: Test Cases/1 Login Cases/1.1 Bad login - only username

2023-10-09 08:45:28 - [TEST_STEP][PASSED] - openBrowser("https://cms.demo.katalon.com/"): Browser is opened with url: 'https://cms.demo.katalon.com/'

2023-10-09 08:45:28 - [MESSAGE][WARNING] - A browser is already opened. Closing browser and opening a new one

2023-10-09 08:45:29 - [MESSAGE][INFO] - Starting 'Chrome' driver

2023-10-09 08:45:29 - [MESSAGE][INFO] - Action delay is set to 0 milliseconds

2023-10-09 08:45:33 - [MESSAGE][PASSED] - Browser is opened with url: 'https://cms.demo.katalon.com/'

2023-10-09 08:45:33 - [TEST_STEP][PASSED] - maximizeWindow(STOP_ON_FAILURE): Current window maximized

2023-10-09 08:45:33 - [MESSAGE][PASSED] - Current window maximized

2023-10-09 08:45:33 - [TEST_STEP][PASSED] - click(findTestObject("Object Repository/Page_Katalon Shop  Katalon Ecommerce/a_My account")): Object: 'Object Repository/Page_Katalon Shop  Katalon Ecommerce/a_My account' is clicked on

2023-10-09 08:45:35 - [MESSAGE][PASSED] - Object: 'Object Repository/Page_Katalon Shop  Katalon Ecommerce/a_My account' is clicked on

2023-10-09 08:45:35 - [TEST_STEP][PASSED] - setText(findTestObject("Object Repository/Page_My account  Katalon Shop/input__username"), "1"): Text '1' is set on object 'Object Repository/Page_My account  Katalon Shop/input__username'

2023-10-09 08:45:35 - [MESSAGE][PASSED] - Text '1' is set on object 'Object Repository/Page_My account  Katalon Shop/input__username'

2023-10-09 08:45:35 - [TEST_STEP][PASSED] - click(findTestObject("Object Repository/Page_My account  Katalon Shop/div_LoginUsername or email addressPassword _738cd3")): Object: 'Object Repository/Page_My account  Katalon Shop/div_LoginUsername or email addressPassword _738cd3' is clicked on

2023-10-09 08:45:35 - [MESSAGE][PASSED] - Object: 'Object Repository/Page_My account  Katalon Shop/div_LoginUsername or email addressPassword _738cd3' is clicked on

2023-10-09 08:45:35 - [TEST_STEP][PASSED] - click(findTestObject("Object Repository/Page_My account  Katalon Shop/button_Log in")): Object: 'Object Repository/Page_My account  Katalon Shop/button_Log in' is clicked on

2023-10-09 08:45:37 - [MESSAGE][PASSED] - Object: 'Object Repository/Page_My account  Katalon Shop/button_Log in' is clicked on

2023-10-09 08:45:37 - [TEST_STEP][PASSED] - verifyElementText(findTestObject("Object Repository/Page_My account  Katalon Shop/li_ERROR The password field is empty"), "ERROR: The password field is empty."): Actual text and expected text of test object 'Object Repository/Page_My account  Katalon Shop/li_ERROR The password field is empty' are matched.

2023-10-09 08:45:37 - [MESSAGE][PASSED] - Actual text and expected text of test object 'Object Repository/Page_My account  Katalon Shop/li_ERROR The password field is empty' are matched.]]></system-out>
         <system-err><![CDATA[]]></system-err>
      </testcase>
      <testcase name="Test Cases/1 Login Cases/1.2 bad login - only password" time="8.043" classname="Test Cases/1 Login Cases/1.2 bad login - only password" status="PASSED">
         <system-out><![CDATA[2023-10-09 08:45:37 - [TEST_CASE][PASSED] - Test Cases/1 Login Cases/1.2 bad login - only password: Test Cases/1 Login Cases/1.2 bad login - only password

2023-10-09 08:45:37 - [TEST_STEP][PASSED] - openBrowser("https://cms.demo.katalon.com/"): Browser is opened with url: 'https://cms.demo.katalon.com/'

2023-10-09 08:45:37 - [MESSAGE][WARNING] - A browser is already opened. Closing browser and opening a new one

2023-10-09 08:45:38 - [MESSAGE][INFO] - Starting 'Chrome' driver

2023-10-09 08:45:38 - [MESSAGE][INFO] - Action delay is set to 0 milliseconds

2023-10-09 08:45:41 - [MESSAGE][PASSED] - Browser is opened with url: 'https://cms.demo.katalon.com/'

2023-10-09 08:45:41 - [TEST_STEP][PASSED] - maximizeWindow(STOP_ON_FAILURE): Current window maximized

2023-10-09 08:45:42 - [MESSAGE][PASSED] - Current window maximized

2023-10-09 08:45:42 - [TEST_STEP][PASSED] - click(findTestObject("Object Repository/Page_Katalon Shop  Katalon Ecommerce/a_My account")): Object: 'Object Repository/Page_Katalon Shop  Katalon Ecommerce/a_My account' is clicked on

2023-10-09 08:45:43 - [MESSAGE][PASSED] - Object: 'Object Repository/Page_Katalon Shop  Katalon Ecommerce/a_My account' is clicked on

2023-10-09 08:45:43 - [TEST_STEP][PASSED] - setEncryptedText(findTestObject("Object Repository/Page_My account  Katalon Shop/input__password"), "HeCM15nHKBI="): Text ****** has been set on object 'Object Repository/Page_My account  Katalon Shop/input__password'

2023-10-09 08:45:43 - [MESSAGE][PASSED] - Text ****** has been set on object 'Object Repository/Page_My account  Katalon Shop/input__password'

2023-10-09 08:45:43 - [TEST_STEP][PASSED] - click(findTestObject("Object Repository/Page_My account  Katalon Shop/button_Log in")): Object: 'Object Repository/Page_My account  Katalon Shop/button_Log in' is clicked on

2023-10-09 08:45:45 - [MESSAGE][PASSED] - Object: 'Object Repository/Page_My account  Katalon Shop/button_Log in' is clicked on

2023-10-09 08:45:45 - [TEST_STEP][PASSED] - verifyElementText(findTestObject("Object Repository/Page_My account  Katalon Shop/li_Error Username is required"), "Error: Username is required."): Actual text and expected text of test object 'Object Repository/Page_My account  Katalon Shop/li_Error Username is required' are matched.

2023-10-09 08:45:45 - [MESSAGE][PASSED] - Actual text and expected text of test object 'Object Repository/Page_My account  Katalon Shop/li_Error Username is required' are matched.]]></system-out>
         <system-err><![CDATA[]]></system-err>
      </testcase>
      <testcase name="Test Cases/1 Login Cases/1.3 bad login - bad credentials" time="9.231" classname="Test Cases/1 Login Cases/1.3 bad login - bad credentials" status="PASSED">
         <system-out><![CDATA[2023-10-09 08:45:45 - [TEST_CASE][PASSED] - Test Cases/1 Login Cases/1.3 bad login - bad credentials: Test Cases/1 Login Cases/1.3 bad login - bad credentials

2023-10-09 08:45:45 - [TEST_STEP][PASSED] - openBrowser("https://cms.demo.katalon.com/"): Browser is opened with url: 'https://cms.demo.katalon.com/'

2023-10-09 08:45:45 - [MESSAGE][WARNING] - A browser is already opened. Closing browser and opening a new one

2023-10-09 08:45:46 - [MESSAGE][INFO] - Starting 'Chrome' driver

2023-10-09 08:45:46 - [MESSAGE][INFO] - Action delay is set to 0 milliseconds

2023-10-09 08:45:50 - [MESSAGE][PASSED] - Browser is opened with url: 'https://cms.demo.katalon.com/'

2023-10-09 08:45:50 - [TEST_STEP][PASSED] - maximizeWindow(STOP_ON_FAILURE): Current window maximized

2023-10-09 08:45:50 - [MESSAGE][PASSED] - Current window maximized

2023-10-09 08:45:50 - [TEST_STEP][PASSED] - click(findTestObject("Object Repository/Page_Katalon Shop  Katalon Ecommerce/a_My account")): Object: 'Object Repository/Page_Katalon Shop  Katalon Ecommerce/a_My account' is clicked on

2023-10-09 08:45:51 - [MESSAGE][PASSED] - Object: 'Object Repository/Page_Katalon Shop  Katalon Ecommerce/a_My account' is clicked on

2023-10-09 08:45:51 - [TEST_STEP][PASSED] - setText(findTestObject("Object Repository/Page_My account  Katalon Shop/input__username"), "1"): Text '1' is set on object 'Object Repository/Page_My account  Katalon Shop/input__username'

2023-10-09 08:45:52 - [MESSAGE][PASSED] - Text '1' is set on object 'Object Repository/Page_My account  Katalon Shop/input__username'

2023-10-09 08:45:52 - [TEST_STEP][PASSED] - setEncryptedText(findTestObject("Object Repository/Page_My account  Katalon Shop/input__password"), "HeCM15nHKBI="): Text ****** has been set on object 'Object Repository/Page_My account  Katalon Shop/input__password'

2023-10-09 08:45:53 - [MESSAGE][PASSED] - Text ****** has been set on object 'Object Repository/Page_My account  Katalon Shop/input__password'

2023-10-09 08:45:53 - [TEST_STEP][PASSED] - click(findTestObject("Object Repository/Page_My account  Katalon Shop/button_Log in")): Object: 'Object Repository/Page_My account  Katalon Shop/button_Log in' is clicked on

2023-10-09 08:45:54 - [MESSAGE][PASSED] - Object: 'Object Repository/Page_My account  Katalon Shop/button_Log in' is clicked on

2023-10-09 08:45:54 - [TEST_STEP][PASSED] - verifyElementText(findTestObject("Object Repository/Page_My account  Katalon Shop/li_ERROR Invalid username. Lost your password"), "ERROR: Invalid username. Lost your password?"): Actual text and expected text of test object 'Object Repository/Page_My account  Katalon Shop/li_ERROR Invalid username. Lost your password' are matched.

2023-10-09 08:45:54 - [MESSAGE][PASSED] - Actual text and expected text of test object 'Object Repository/Page_My account  Katalon Shop/li_ERROR Invalid username. Lost your password' are matched.]]></system-out>
         <system-err><![CDATA[]]></system-err>
      </testcase>
      <system-out><![CDATA[2023-10-09 08:45:18 - [TEST_SUITE][PASSED] - Testing cases: Test Cases/1 Login Cases/1.3 bad login - bad credentials]]></system-out>
      <system-err><![CDATA[]]></system-err>
   </testsuite>
</testsuites>
